{"C:\\Users\\vitaf\\Documents\\bit-testavimas\\unittest\\sum.js": {"path":"C:\\Users\\vitaf\\Documents\\bit-testavimas\\unittest\\sum.js","all":false,"statementMap":{"0":{"start":{"line":1,"column":0},"end":{"line":1,"column":20}},"1":{"start":{"line":2,"column":0},"end":{"line":2,"column":17}},"2":{"start":{"line":3,"column":0},"end":{"line":3,"column":1}},"3":{"start":{"line":4,"column":0},"end":{"line":4,"column":0}},"4":{"start":{"line":5,"column":0},"end":{"line":5,"column":20}},"5":{"start":{"line":6,"column":0},"end":{"line":6,"column":18}},"6":{"start":{"line":7,"column":0},"end":{"line":7,"column":1}},"7":{"start":{"line":8,"column":0},"end":{"line":8,"column":0}},"8":{"start":{"line":9,"column":0},"end":{"line":9,"column":20}},"9":{"start":{"line":10,"column":0},"end":{"line":10,"column":16}},"10":{"start":{"line":11,"column":0},"end":{"line":11,"column":22}},"11":{"start":{"line":12,"column":0},"end":{"line":12,"column":5}},"12":{"start":{"line":13,"column":0},"end":{"line":13,"column":19}},"13":{"start":{"line":14,"column":0},"end":{"line":14,"column":1}},"14":{"start":{"line":15,"column":0},"end":{"line":15,"column":0}},"15":{"start":{"line":16,"column":0},"end":{"line":16,"column":23}},"16":{"start":{"line":17,"column":0},"end":{"line":17,"column":24}},"17":{"start":{"line":18,"column":0},"end":{"line":18,"column":36}},"18":{"start":{"line":19,"column":0},"end":{"line":19,"column":5}},"19":{"start":{"line":20,"column":0},"end":{"line":20,"column":45}},"20":{"start":{"line":21,"column":0},"end":{"line":21,"column":1}},"21":{"start":{"line":22,"column":0},"end":{"line":22,"column":0}},"22":{"start":{"line":23,"column":0},"end":{"line":23,"column":31}},"23":{"start":{"line":24,"column":0},"end":{"line":24,"column":57}},"24":{"start":{"line":25,"column":0},"end":{"line":25,"column":20}},"25":{"start":{"line":26,"column":0},"end":{"line":26,"column":12}},"26":{"start":{"line":27,"column":0},"end":{"line":27,"column":21}},"27":{"start":{"line":28,"column":0},"end":{"line":28,"column":5}},"28":{"start":{"line":29,"column":0},"end":{"line":29,"column":1}},"29":{"start":{"line":30,"column":0},"end":{"line":30,"column":0}},"30":{"start":{"line":31,"column":0},"end":{"line":31,"column":36}},"31":{"start":{"line":32,"column":0},"end":{"line":32,"column":54}},"32":{"start":{"line":33,"column":0},"end":{"line":33,"column":45}},"33":{"start":{"line":34,"column":0},"end":{"line":34,"column":43}},"34":{"start":{"line":35,"column":0},"end":{"line":35,"column":1}},"35":{"start":{"line":36,"column":0},"end":{"line":36,"column":0}},"36":{"start":{"line":37,"column":0},"end":{"line":37,"column":26}},"37":{"start":{"line":38,"column":0},"end":{"line":38,"column":29}},"38":{"start":{"line":39,"column":0},"end":{"line":39,"column":37}},"39":{"start":{"line":40,"column":0},"end":{"line":40,"column":37}},"40":{"start":{"line":41,"column":0},"end":{"line":41,"column":1}},"41":{"start":{"line":42,"column":0},"end":{"line":42,"column":0}},"42":{"start":{"line":43,"column":0},"end":{"line":43,"column":23}},"43":{"start":{"line":44,"column":0},"end":{"line":44,"column":16}},"44":{"start":{"line":45,"column":0},"end":{"line":45,"column":17}},"45":{"start":{"line":46,"column":0},"end":{"line":46,"column":5}},"46":{"start":{"line":47,"column":0},"end":{"line":47,"column":47}},"47":{"start":{"line":48,"column":0},"end":{"line":48,"column":1}},"48":{"start":{"line":49,"column":0},"end":{"line":49,"column":0}},"49":{"start":{"line":50,"column":0},"end":{"line":50,"column":21}},"50":{"start":{"line":51,"column":0},"end":{"line":51,"column":30}},"51":{"start":{"line":52,"column":0},"end":{"line":52,"column":50}},"52":{"start":{"line":53,"column":0},"end":{"line":53,"column":38}},"53":{"start":{"line":54,"column":0},"end":{"line":54,"column":5}},"54":{"start":{"line":55,"column":0},"end":{"line":55,"column":16}},"55":{"start":{"line":56,"column":0},"end":{"line":56,"column":1}},"56":{"start":{"line":57,"column":0},"end":{"line":57,"column":0}},"57":{"start":{"line":58,"column":0},"end":{"line":58,"column":18}},"58":{"start":{"line":59,"column":0},"end":{"line":59,"column":8}},"59":{"start":{"line":60,"column":0},"end":{"line":60,"column":11}},"60":{"start":{"line":61,"column":0},"end":{"line":61,"column":11}},"61":{"start":{"line":62,"column":0},"end":{"line":62,"column":11}},"62":{"start":{"line":63,"column":0},"end":{"line":63,"column":17}},"63":{"start":{"line":64,"column":0},"end":{"line":64,"column":14}},"64":{"start":{"line":65,"column":0},"end":{"line":65,"column":17}},"65":{"start":{"line":66,"column":0},"end":{"line":66,"column":14}},"66":{"start":{"line":67,"column":0},"end":{"line":67,"column":12}},"67":{"start":{"line":68,"column":0},"end":{"line":68,"column":2}}},"s":{"0":2,"1":2,"2":2,"3":1,"4":2,"5":2,"6":2,"7":1,"8":2,"9":2,"10":1,"11":1,"12":1,"13":1,"14":1,"15":2,"16":2,"17":1,"18":1,"19":1,"20":1,"21":1,"22":3,"23":3,"24":2,"25":3,"26":1,"27":1,"28":3,"29":1,"30":4,"31":4,"32":3,"33":3,"34":3,"35":1,"36":5,"37":5,"38":5,"39":4,"40":4,"41":1,"42":177,"43":177,"44":89,"45":89,"46":88,"47":88,"48":1,"49":5,"50":5,"51":5,"52":27,"53":27,"54":2,"55":2,"56":1,"57":1,"58":1,"59":1,"60":1,"61":1,"62":1,"63":1,"64":1,"65":1,"66":1,"67":1},"branchMap":{"0":{"type":"branch","line":1,"loc":{"start":{"line":1,"column":0},"end":{"line":3,"column":1}},"locations":[{"start":{"line":1,"column":0},"end":{"line":3,"column":1}}]},"1":{"type":"branch","line":5,"loc":{"start":{"line":5,"column":0},"end":{"line":7,"column":1}},"locations":[{"start":{"line":5,"column":0},"end":{"line":7,"column":1}}]},"2":{"type":"branch","line":9,"loc":{"start":{"line":9,"column":0},"end":{"line":14,"column":1}},"locations":[{"start":{"line":9,"column":0},"end":{"line":14,"column":1}}]},"3":{"type":"branch","line":10,"loc":{"start":{"line":10,"column":15},"end":{"line":14,"column":1}},"locations":[{"start":{"line":10,"column":15},"end":{"line":14,"column":1}}]},"4":{"type":"branch","line":16,"loc":{"start":{"line":16,"column":0},"end":{"line":21,"column":1}},"locations":[{"start":{"line":16,"column":0},"end":{"line":21,"column":1}}]},"5":{"type":"branch","line":17,"loc":{"start":{"line":17,"column":23},"end":{"line":21,"column":1}},"locations":[{"start":{"line":17,"column":23},"end":{"line":21,"column":1}}]},"6":{"type":"branch","line":23,"loc":{"start":{"line":23,"column":0},"end":{"line":29,"column":1}},"locations":[{"start":{"line":23,"column":0},"end":{"line":29,"column":1}}]},"7":{"type":"branch","line":24,"loc":{"start":{"line":24,"column":56},"end":{"line":26,"column":5}},"locations":[{"start":{"line":24,"column":56},"end":{"line":26,"column":5}}]},"8":{"type":"branch","line":26,"loc":{"start":{"line":26,"column":5},"end":{"line":28,"column":5}},"locations":[{"start":{"line":26,"column":5},"end":{"line":28,"column":5}}]},"9":{"type":"branch","line":31,"loc":{"start":{"line":31,"column":0},"end":{"line":35,"column":1}},"locations":[{"start":{"line":31,"column":0},"end":{"line":35,"column":1}}]},"10":{"type":"branch","line":32,"loc":{"start":{"line":32,"column":41},"end":{"line":32,"column":54}},"locations":[{"start":{"line":32,"column":41},"end":{"line":32,"column":54}}]},"11":{"type":"branch","line":32,"loc":{"start":{"line":32,"column":53},"end":{"line":35,"column":1}},"locations":[{"start":{"line":32,"column":53},"end":{"line":35,"column":1}}]},"12":{"type":"branch","line":37,"loc":{"start":{"line":37,"column":0},"end":{"line":41,"column":1}},"locations":[{"start":{"line":37,"column":0},"end":{"line":41,"column":1}}]},"13":{"type":"branch","line":38,"loc":{"start":{"line":38,"column":15},"end":{"line":38,"column":29}},"locations":[{"start":{"line":38,"column":15},"end":{"line":38,"column":29}}]},"14":{"type":"branch","line":39,"loc":{"start":{"line":39,"column":28},"end":{"line":39,"column":37}},"locations":[{"start":{"line":39,"column":28},"end":{"line":39,"column":37}}]},"15":{"type":"branch","line":39,"loc":{"start":{"line":39,"column":36},"end":{"line":41,"column":1}},"locations":[{"start":{"line":39,"column":36},"end":{"line":41,"column":1}}]},"16":{"type":"branch","line":43,"loc":{"start":{"line":43,"column":0},"end":{"line":48,"column":1}},"locations":[{"start":{"line":43,"column":0},"end":{"line":48,"column":1}}]},"17":{"type":"branch","line":44,"loc":{"start":{"line":44,"column":15},"end":{"line":46,"column":5}},"locations":[{"start":{"line":44,"column":15},"end":{"line":46,"column":5}}]},"18":{"type":"branch","line":46,"loc":{"start":{"line":46,"column":4},"end":{"line":48,"column":1}},"locations":[{"start":{"line":46,"column":4},"end":{"line":48,"column":1}}]},"19":{"type":"branch","line":50,"loc":{"start":{"line":50,"column":0},"end":{"line":56,"column":1}},"locations":[{"start":{"line":50,"column":0},"end":{"line":56,"column":1}}]},"20":{"type":"branch","line":51,"loc":{"start":{"line":51,"column":17},"end":{"line":51,"column":30}},"locations":[{"start":{"line":51,"column":17},"end":{"line":51,"column":30}}]},"21":{"type":"branch","line":51,"loc":{"start":{"line":51,"column":29},"end":{"line":52,"column":49}},"locations":[{"start":{"line":51,"column":29},"end":{"line":52,"column":49}}]},"22":{"type":"branch","line":52,"loc":{"start":{"line":52,"column":49},"end":{"line":54,"column":5}},"locations":[{"start":{"line":52,"column":49},"end":{"line":54,"column":5}}]},"23":{"type":"branch","line":53,"loc":{"start":{"line":53,"column":25},"end":{"line":53,"column":38}},"locations":[{"start":{"line":53,"column":25},"end":{"line":53,"column":38}}]},"24":{"type":"branch","line":54,"loc":{"start":{"line":54,"column":4},"end":{"line":56,"column":1}},"locations":[{"start":{"line":54,"column":4},"end":{"line":56,"column":1}}]}},"b":{"0":[2],"1":[2],"2":[2],"3":[1],"4":[2],"5":[1],"6":[3],"7":[2],"8":[1],"9":[4],"10":[1],"11":[3],"12":[5],"13":[0],"14":[1],"15":[4],"16":[177],"17":[89],"18":[88],"19":[5],"20":[1],"21":[4],"22":[27],"23":[2],"24":[2]},"fnMap":{"0":{"name":"sum","decl":{"start":{"line":1,"column":0},"end":{"line":3,"column":1}},"loc":{"start":{"line":1,"column":0},"end":{"line":3,"column":1}},"line":1},"1":{"name":"klonas","decl":{"start":{"line":5,"column":0},"end":{"line":7,"column":1}},"loc":{"start":{"line":5,"column":0},"end":{"line":7,"column":1}},"line":5},"2":{"name":"amzius","decl":{"start":{"line":9,"column":0},"end":{"line":14,"column":1}},"loc":{"start":{"line":9,"column":0},"end":{"line":14,"column":1}},"line":9},"3":{"name":"string","decl":{"start":{"line":16,"column":0},"end":{"line":21,"column":1}},"loc":{"start":{"line":16,"column":0},"end":{"line":21,"column":1}},"line":16},"4":{"name":"isPalindrome","decl":{"start":{"line":23,"column":0},"end":{"line":29,"column":1}},"loc":{"start":{"line":23,"column":0},"end":{"line":29,"column":1}},"line":23},"5":{"name":"isAnagram","decl":{"start":{"line":31,"column":0},"end":{"line":35,"column":1}},"loc":{"start":{"line":31,"column":0},"end":{"line":35,"column":1}},"line":31},"6":{"name":"factorialize","decl":{"start":{"line":37,"column":0},"end":{"line":41,"column":1}},"loc":{"start":{"line":37,"column":0},"end":{"line":41,"column":1}},"line":37},"7":{"name":"fibonacci","decl":{"start":{"line":43,"column":0},"end":{"line":48,"column":1}},"loc":{"start":{"line":43,"column":0},"end":{"line":48,"column":1}},"line":43},"8":{"name":"isPrime","decl":{"start":{"line":50,"column":0},"end":{"line":56,"column":1}},"loc":{"start":{"line":50,"column":0},"end":{"line":56,"column":1}},"line":50}},"f":{"0":2,"1":2,"2":2,"3":2,"4":3,"5":4,"6":5,"7":177,"8":5}}
}
