TN:
SF:sum.js
FN:1,sum
FN:5,klonas
FN:9,amzius
FN:16,string
FN:23,isPalindrome
FN:31,isAnagram
FN:37,factorialize
FN:43,fibonacci
FN:50,isPrime
FNF:9
FNH:9
FNDA:2,sum
FNDA:2,klonas
FNDA:2,amzius
FNDA:2,string
FNDA:3,isPalindrome
FNDA:4,isAnagram
FNDA:5,factorialize
FNDA:177,fibonacci
FNDA:5,isPrime
DA:1,2
DA:2,2
DA:3,2
DA:4,1
DA:5,2
DA:6,2
DA:7,2
DA:8,1
DA:9,2
DA:10,2
DA:11,1
DA:12,1
DA:13,1
DA:14,1
DA:15,1
DA:16,2
DA:17,2
DA:18,1
DA:19,1
DA:20,1
DA:21,1
DA:22,1
DA:23,3
DA:24,3
DA:25,2
DA:26,3
DA:27,1
DA:28,1
DA:29,3
DA:30,1
DA:31,4
DA:32,4
DA:33,3
DA:34,3
DA:35,3
DA:36,1
DA:37,5
DA:38,5
DA:39,5
DA:40,4
DA:41,4
DA:42,1
DA:43,177
DA:44,177
DA:45,89
DA:46,89
DA:47,88
DA:48,88
DA:49,1
DA:50,5
DA:51,5
DA:52,5
DA:53,27
DA:54,27
DA:55,2
DA:56,2
DA:57,1
DA:58,1
DA:59,1
DA:60,1
DA:61,1
DA:62,1
DA:63,1
DA:64,1
DA:65,1
DA:66,1
DA:67,1
DA:68,1
LF:68
LH:68
BRDA:1,0,0,2
BRDA:5,1,0,2
BRDA:9,2,0,2
BRDA:10,3,0,1
BRDA:16,4,0,2
BRDA:17,5,0,1
BRDA:23,6,0,3
BRDA:24,7,0,2
BRDA:26,8,0,1
BRDA:31,9,0,4
BRDA:32,10,0,1
BRDA:32,11,0,3
BRDA:37,12,0,5
BRDA:38,13,0,0
BRDA:39,14,0,1
BRDA:39,15,0,4
BRDA:43,16,0,177
BRDA:44,17,0,89
BRDA:46,18,0,88
BRDA:50,19,0,5
BRDA:51,20,0,1
BRDA:51,21,0,4
BRDA:52,22,0,27
BRDA:53,23,0,2
BRDA:54,24,0,2
BRF:25
BRH:24
end_of_record
