TN:
SF:mock.js
FN:1,forEach
FNF:1
FNH:1
FNDA:1,forEach
DA:1,1
DA:2,1
DA:3,2
DA:4,2
DA:5,1
DA:6,1
DA:7,1
LF:7
LH:7
BRDA:1,0,0,1
BRDA:2,1,0,2
BRF:2
BRH:2
end_of_record
TN:
SF:sum.js
FN:1,sum
FN:5,klonas
FN:9,amzius
FN:16,string
FN:23,isPalindrome
FN:29,isAnagram
FN:35,factorial
FN:41,fibonacci
FN:46,isPrime
FNF:9
FNH:9
FNDA:2,sum
FNDA:2,klonas
FNDA:2,amzius
FNDA:3,string
FNDA:4,isPalindrome
FNDA:4,isAnagram
FNDA:20,factorial
FNDA:183,fibonacci
FNDA:5,isPrime
DA:1,2
DA:2,2
DA:3,2
DA:4,1
DA:5,2
DA:6,2
DA:7,2
DA:8,1
DA:9,2
DA:10,2
DA:11,1
DA:12,1
DA:13,1
DA:14,1
DA:15,1
DA:16,3
DA:17,3
DA:18,1
DA:19,1
DA:20,2
DA:21,2
DA:22,1
DA:23,4
DA:24,4
DA:25,3
DA:26,3
DA:27,3
DA:28,1
DA:29,4
DA:30,4
DA:31,3
DA:32,3
DA:33,3
DA:34,1
DA:35,20
DA:36,20
DA:37,20
DA:38,14
DA:39,14
DA:40,1
DA:41,183
DA:42,183
DA:43,90
DA:44,90
DA:45,1
DA:46,5
DA:47,5
DA:48,5
DA:49,27
DA:50,27
DA:51,2
DA:52,2
DA:53,1
DA:54,1
DA:55,1
DA:56,1
DA:57,1
DA:58,1
DA:59,1
DA:60,1
DA:61,1
DA:62,1
DA:63,1
DA:64,1
LF:64
LH:64
BRDA:1,0,0,2
BRDA:5,1,0,2
BRDA:9,2,0,2
BRDA:10,3,0,1
BRDA:16,4,0,3
BRDA:17,5,0,1
BRDA:19,6,0,2
BRDA:23,7,0,4
BRDA:24,8,0,1
BRDA:24,9,0,3
BRDA:29,10,0,4
BRDA:30,11,0,1
BRDA:30,12,0,3
BRDA:35,13,0,20
BRDA:36,14,0,1
BRDA:36,15,0,19
BRDA:37,16,0,18
BRDA:37,17,0,5
BRDA:37,18,0,14
BRDA:41,19,0,183
BRDA:42,20,0,148
BRDA:42,21,0,93
BRDA:42,22,0,90
BRDA:46,23,0,5
BRDA:47,24,0,1
BRDA:47,25,0,4
BRDA:48,26,0,27
BRDA:49,27,0,2
BRDA:50,28,0,2
BRF:29
BRH:29
end_of_record
